<?xml version="1.0" encoding="UTF-8"?>
<!DOCTYPE suite SYSTEM "http://testng.org/testng-1.0.dtd">

<suite name="Default Suite">
    <test name="galen-samples-testngs">
        <groups>
            <run>
                <exclude name="regression" />
                <include name="smoke" />
            </run>
        </groups>

        <classes>
            <!--<class name="developerlisting.layout.NhLandingPageMyTest"/>-->
            <class name="sample.layout.NhLandingPageMyTest"/>
        </classes>
        <!--<classes>-->
            <!--<class name="com.mkyong.testng.examples.suite.TestDatabase" />-->
        <!--</classes>-->
    </test>

</suite>